<?xml version="1.0" encoding="utf-8" standalone="no"?>
<test-run id="2" testcasecount="0" result="Failed" label="Invalid" total="0" passed="0" failed="0" inconclusive="0" skipped="0" asserts="0" engine-version="3.10.0.0" clr-version="4.0.30319.42000" start-time="2024-10-30 15:38:56Z" end-time="2024-10-30 15:38:57Z" duration="0.939521">
  <command-line><![CDATA[/home/packages/NUnit.ConsoleRunner.3.10.0/tools/nunit3-console.exe ExampleDotNetLib.Tests/bin/Debug/net48/ExampleDotNetLib.Tests.dll]]></command-line>
  <test-suite type="Assembly" id="0-1" name="ExampleDotNetLib.Tests.dll" fullname="/home/ExampleDotNetLib.Tests/bin/Debug/net48/ExampleDotNetLib.Tests.dll" testcasecount="0" runstate="NotRunnable" result="Failed" label="Invalid">
    <properties>
      <property name="_SKIPREASON" value="No suitable tests found in '/home/ExampleDotNetLib.Tests/bin/Debug/net48/ExampleDotNetLib.Tests.dll'.&#xA;Either assembly contains no tests or proper test driver has not been found." />
    </properties>
    <reason>
      <message>No suitable tests found in '/home/ExampleDotNetLib.Tests/bin/Debug/net48/ExampleDotNetLib.Tests.dll'.
Either assembly contains no tests or proper test driver has not been found.</message>
    </reason>
  </test-suite>
</test-run>